Visual Studio Code (1.67.2, attached-container, desktop)
Jupyter Extension Version: 2022.4.1021342353.
Python Extension not installed.
Workspace folder /root/bayes
info 20:52:20.595: ZMQ install verified.
User belongs to experiment group 'jupyterTestcf'
User belongs to experiment group 'jupyterEnhancedDataViewer'
info 20:52:21.130: Preferred Remote kernel for /root/bayes/avocados.ipynb is undefined
info 20:52:21.130: Find preferred kernel for /root/bayes/avocados.ipynb with metadata {"interpreter":{"hash":"ab243acf4705a6589a9c5f276b9554dd483096c1fb620dc14745882efe0f4122"},"kernelspec":{"display_name":"Python 3.8.13 ('venv')","language":"python","name":"python3"},"language_info":{"codemirror_mode":{"name":"ipython","version":3},"file_extension":".py","mimetype":"text/x-python","name":"python","nbconvert_exporter":"python","pygments_lexer":"ipython3","version":"3.8.13"},"orig_nbformat":4} & preferred interpreter 
info 20:52:21.135: Preferred Remote kernel for /root/bayes/avocados.ipynb is undefined
info 20:52:21.135: Preferred kernel .jvsc74a57bd0ab243acf4705a6589a9c5f276b9554dd483096c1fb620dc14745882efe0f4122./benv/venv/python./benv/venv/python.-m#ipykernel_launcher is exact match
info 20:52:21.136: PreferredConnection: .jvsc74a57bd0ab243acf4705a6589a9c5f276b9554dd483096c1fb620dc14745882efe0f4122./benv/venv/python./benv/venv/python.-m#ipykernel_launcher found for NotebookDocument: /root/bayes/avocados.ipynb
info 20:52:21.136: TargetController found ID: .jvsc74a57bd0ab243acf4705a6589a9c5f276b9554dd483096c1fb620dc14745882efe0f4122./benv/venv/python./benv/venv/python.-m#ipykernel_launcher for document /root/bayes/avocados.ipynb
info 20:52:21.247: Preferred Remote kernel for /root/bayes/avocados.ipynb is undefined
info 20:52:21.247: Find preferred kernel for /root/bayes/avocados.ipynb with metadata {"interpreter":{"hash":"ab243acf4705a6589a9c5f276b9554dd483096c1fb620dc14745882efe0f4122"},"kernelspec":{"display_name":"Python 3.8.13 ('venv')","language":"python","name":"python3"},"language_info":{"codemirror_mode":{"name":"ipython","version":3},"file_extension":".py","mimetype":"text/x-python","name":"python","nbconvert_exporter":"python","pygments_lexer":"ipython3","version":"3.8.13"},"orig_nbformat":4} & preferred interpreter 
info 20:52:21.289: Process Execution: > /benv/venv/bin/python -m pip list
> /benv/venv/bin/python -m pip list
info 20:52:22.126: Experiment status for python is {"enabled":true,"optInto":[],"optOutFrom":[]}
info 20:52:22.391: Switch kernel did not change kernel.
info 20:52:26.632: Execute Cell 0 /root/bayes/avocados.ipynb
info 20:52:26.633: Starting Notebook id = .jvsc74a57bd0ab243acf4705a6589a9c5f276b9554dd483096c1fb620dc14745882efe0f4122./benv/venv/python./benv/venv/python.-m#ipykernel_launcher for /root/bayes/avocados.ipynb (disableUI=false)
info 20:52:26.635: Creating raw notebook for /root/bayes/avocados.ipynb
info 20:52:26.635: Computing working directory /root/bayes/avocados.ipynb
info 20:52:26.636: Starting raw kernel venv (Python 3.8.13) for interpreter /benv/venv/bin/python
info 20:52:26.640: Kernel launching with ports 9000,9001,9002,9003,9004. Start port is 9000
info 20:52:26.676: Process Execution: > /benv/venv/bin/python -c "import ipykernel; print(ipykernel.__version__); print("5dc3a68c-e34e-4080-9c3e-2a532b2ccb4d"); print(ipykernel.__file__)"
> /benv/venv/bin/python -c "import ipykernel; print(ipykernel.__version__); print("5dc3a68c-e34e-4080-9c3e-2a532b2ccb4d"); print(ipykernel.__file__)"
info 20:52:26.734: Adding env Variable PYTHONNOUSERSITE to /benv/venv/bin/python
info 20:52:26.746: Process Execution: > /benv/venv/bin/python -m ipykernel_launcher --ip=127.0.0.1 --stdin=9003 --control=9001 --hb=9000 --Session.signature_scheme="hmac-sha256" --Session.key=b"9f18f990-b9bc-4bfc-9bcd-797c97a7d7e6" --shell=9002 --transport="tcp" --iopub=9004 --f=/root/.local/share/jupyter/runtime/kernel-437gbQAaFZVCZwE.json
> /benv/venv/bin/python -m ipykernel_launcher --ip=127.0.0.1 --stdin=9003 --control=9001 --hb=9000 --Session.signature_scheme="hmac-sha256" --Session.key=b"9f18f990-b9bc-4bfc-9bcd-797c97a7d7e6" --shell=9002 --transport="tcp" --iopub=9004 --f=/root/.local/share/jupyter/runtime/kernel-437gbQAaFZVCZwE.json
info 20:52:26.746: Process Execution: cwd: ~/bayes
cwd: ~/bayes
info 20:52:26.796: ipykernel version 6.13.0 for /benv/venv/bin/python
info 20:52:26.796: ipykernel location /benv/venv/lib/python3.8/site-packages/ipykernel/__init__.py for /benv/venv/bin/python
warn 20:52:27.130: StdErr from Kernel Process /benv/venv/lib/python3.8/site-packages/traitlets/traitlets.py:2389: FutureWarning: Supporting extra quotes around strings is deprecated in traitlets 5.0. You can use 'hmac-sha256' instead of '"hmac-sha256"' if you require traitlets >=5.
  warn(
/benv/venv/lib/python3.8/site-packages/traitlets/traitlets.py:2343: FutureWarning: Supporting extra quotes around Bytes is deprecated in traitlets 5.0. Use '9f18f990-b9bc-4bfc-9bcd-797c97a7d7e6' instead of 'b"9f18f990-b9bc-4bfc-9bcd-797c97a7d7e6"'.
  warn(

info 20:52:27.136: Kernel Output: NOTE: When using the `ipython kernel` entry point, Ctrl-C will not work.

To exit, you will have to explicitly quit this process, by either sending
"quit" from a client, or using Ctrl-\ in UNIX-like environments.

To read more about this, see https://github.com/ipython/ipython/issues/2049


To connect another client to this kernel, use:
    --existing kernel-437gbQAaFZVCZwE.json

info 20:52:27.205: Started kernel venv (Python 3.8.13), (Raw session started and connected)
info 20:52:27.207: Finished connecting b22f557a-5984-426c-893f-d7f19d46aebc
info 20:52:27.270: UpdateWorkingDirectoryAndPath in Kernel
info 20:52:27.271: Executing silently Code (idle) = import os\nimport sys\n%cd "/root/bayes"\nif os.getcwd() not in sys.path:\nsys.path.insert(0, os.get
info 20:52:27.292: Executing silently Code (completed) = import os\nimport sys\n%cd "/root/bayes"\nif os.getcwd() not in sys.path:\nsys.path.insert(0, os.get
info 20:52:27.293: Waiting for idle on (kernel): a58631ff-0ea5-4a30-8db1-29ea207c0fd1 -> idle
info 20:52:27.293: Finished waiting for idle on (kernel): a58631ff-0ea5-4a30-8db1-29ea207c0fd1 -> idle
info 20:52:28.470: Cell 0 executed with state Success
